{"/Users/collin/Documents/HackReactor/fec/collin-newman-service/src/index.jsx": {"path":"/Users/collin/Documents/HackReactor/fec/collin-newman-service/src/index.jsx","statementMap":{"0":{"start":{"line":8,"column":0},"end":{"line":8,"column":57}}},"fnMap":{},"branchMap":{},"s":{"0":0},"f":{},"b":{}}
,"/Users/collin/Documents/HackReactor/fec/collin-newman-service/src/components/App.jsx": {"path":"/Users/collin/Documents/HackReactor/fec/collin-newman-service/src/components/App.jsx","statementMap":{"0":{"start":{"line":11,"column":4},"end":{"line":11,"column":17}},"1":{"start":{"line":12,"column":4},"end":{"line":19,"column":6}},"2":{"start":{"line":17,"column":30},"end":{"line":17,"column":33}},"3":{"start":{"line":20,"column":4},"end":{"line":20,"column":67}},"4":{"start":{"line":21,"column":4},"end":{"line":21,"column":71}},"5":{"start":{"line":22,"column":4},"end":{"line":22,"column":79}},"6":{"start":{"line":23,"column":4},"end":{"line":23,"column":51}},"7":{"start":{"line":27,"column":4},"end":{"line":27,"column":19}},"8":{"start":{"line":31,"column":4},"end":{"line":31,"column":51}},"9":{"start":{"line":31,"column":44},"end":{"line":31,"column":47}},"10":{"start":{"line":35,"column":4},"end":{"line":35,"column":29}},"11":{"start":{"line":36,"column":4},"end":{"line":36,"column":92}},"12":{"start":{"line":36,"column":48},"end":{"line":36,"column":87}},"13":{"start":{"line":41,"column":4},"end":{"line":46,"column":40}},"14":{"start":{"line":43,"column":8},"end":{"line":43,"column":45}},"15":{"start":{"line":44,"column":8},"end":{"line":44,"column":39}},"16":{"start":{"line":46,"column":22},"end":{"line":46,"column":38}},"17":{"start":{"line":50,"column":39},"end":{"line":50,"column":49}},"18":{"start":{"line":51,"column":18},"end":{"line":51,"column":38}},"19":{"start":{"line":52,"column":16},"end":{"line":52,"column":31}},"20":{"start":{"line":53,"column":28},"end":{"line":53,"column":77}},"21":{"start":{"line":53,"column":55},"end":{"line":53,"column":76}},"22":{"start":{"line":54,"column":4},"end":{"line":56,"column":5}},"23":{"start":{"line":55,"column":6},"end":{"line":55,"column":92}},"24":{"start":{"line":57,"column":4},"end":{"line":57,"column":95}},"25":{"start":{"line":61,"column":15},"end":{"line":61,"column":47}},"26":{"start":{"line":62,"column":4},"end":{"line":66,"column":40}},"27":{"start":{"line":64,"column":8},"end":{"line":64,"column":23}},"28":{"start":{"line":66,"column":22},"end":{"line":66,"column":38}},"29":{"start":{"line":70,"column":24},"end":{"line":70,"column":34}},"30":{"start":{"line":73,"column":20},"end":{"line":75,"column":10}},"31":{"start":{"line":74,"column":6},"end":{"line":74,"column":43}},"32":{"start":{"line":77,"column":30},"end":{"line":83,"column":5}},"33":{"start":{"line":85,"column":28},"end":{"line":92,"column":10}},"34":{"start":{"line":86,"column":6},"end":{"line":90,"column":7}},"35":{"start":{"line":87,"column":8},"end":{"line":87,"column":57}},"36":{"start":{"line":89,"column":8},"end":{"line":89,"column":58}},"37":{"start":{"line":91,"column":6},"end":{"line":91,"column":17}},"38":{"start":{"line":93,"column":19},"end":{"line":93,"column":23}},"39":{"start":{"line":94,"column":4},"end":{"line":94,"column":47}},"40":{"start":{"line":103,"column":4},"end":{"line":103,"column":46}},"41":{"start":{"line":109,"column":8},"end":{"line":109,"column":18}},"42":{"start":{"line":111,"column":28},"end":{"line":111,"column":56}},"43":{"start":{"line":112,"column":4},"end":{"line":112,"column":33}},"44":{"start":{"line":113,"column":25},"end":{"line":113,"column":58}},"45":{"start":{"line":114,"column":4},"end":{"line":129,"column":5}},"46":{"start":{"line":115,"column":6},"end":{"line":128,"column":8}},"47":{"start":{"line":130,"column":4},"end":{"line":130,"column":29}},"48":{"start":{"line":134,"column":4},"end":{"line":146,"column":6}}},"fnMap":{"0":{"name":"(anonymous_0)","decl":{"start":{"line":10,"column":2},"end":{"line":10,"column":3}},"loc":{"start":{"line":10,"column":21},"end":{"line":24,"column":3}},"line":10},"1":{"name":"(anonymous_1)","decl":{"start":{"line":17,"column":21},"end":{"line":17,"column":22}},"loc":{"start":{"line":17,"column":30},"end":{"line":17,"column":33}},"line":17},"2":{"name":"(anonymous_2)","decl":{"start":{"line":26,"column":2},"end":{"line":26,"column":3}},"loc":{"start":{"line":26,"column":22},"end":{"line":28,"column":3}},"line":26},"3":{"name":"(anonymous_3)","decl":{"start":{"line":30,"column":2},"end":{"line":30,"column":3}},"loc":{"start":{"line":30,"column":26},"end":{"line":32,"column":3}},"line":30},"4":{"name":"(anonymous_4)","decl":{"start":{"line":31,"column":35},"end":{"line":31,"column":36}},"loc":{"start":{"line":31,"column":44},"end":{"line":31,"column":47}},"line":31},"5":{"name":"(anonymous_5)","decl":{"start":{"line":34,"column":2},"end":{"line":34,"column":3}},"loc":{"start":{"line":34,"column":41},"end":{"line":37,"column":3}},"line":34},"6":{"name":"(anonymous_6)","decl":{"start":{"line":36,"column":35},"end":{"line":36,"column":36}},"loc":{"start":{"line":36,"column":48},"end":{"line":36,"column":87}},"line":36},"7":{"name":"(anonymous_7)","decl":{"start":{"line":39,"column":2},"end":{"line":39,"column":3}},"loc":{"start":{"line":39,"column":12},"end":{"line":47,"column":3}},"line":39},"8":{"name":"(anonymous_8)","decl":{"start":{"line":42,"column":12},"end":{"line":42,"column":13}},"loc":{"start":{"line":42,"column":21},"end":{"line":45,"column":7}},"line":42},"9":{"name":"(anonymous_9)","decl":{"start":{"line":46,"column":13},"end":{"line":46,"column":14}},"loc":{"start":{"line":46,"column":22},"end":{"line":46,"column":38}},"line":46},"10":{"name":"(anonymous_10)","decl":{"start":{"line":49,"column":2},"end":{"line":49,"column":3}},"loc":{"start":{"line":49,"column":25},"end":{"line":58,"column":3}},"line":49},"11":{"name":"(anonymous_11)","decl":{"start":{"line":53,"column":43},"end":{"line":53,"column":44}},"loc":{"start":{"line":53,"column":55},"end":{"line":53,"column":76}},"line":53},"12":{"name":"(anonymous_12)","decl":{"start":{"line":60,"column":2},"end":{"line":60,"column":3}},"loc":{"start":{"line":60,"column":25},"end":{"line":67,"column":3}},"line":60},"13":{"name":"(anonymous_13)","decl":{"start":{"line":63,"column":12},"end":{"line":63,"column":13}},"loc":{"start":{"line":63,"column":18},"end":{"line":65,"column":7}},"line":63},"14":{"name":"(anonymous_14)","decl":{"start":{"line":66,"column":13},"end":{"line":66,"column":14}},"loc":{"start":{"line":66,"column":22},"end":{"line":66,"column":38}},"line":66},"15":{"name":"(anonymous_15)","decl":{"start":{"line":69,"column":2},"end":{"line":69,"column":3}},"loc":{"start":{"line":69,"column":28},"end":{"line":95,"column":3}},"line":69},"16":{"name":"(anonymous_16)","decl":{"start":{"line":73,"column":35},"end":{"line":73,"column":36}},"loc":{"start":{"line":74,"column":6},"end":{"line":74,"column":43}},"line":74},"17":{"name":"(anonymous_17)","decl":{"start":{"line":85,"column":43},"end":{"line":85,"column":44}},"loc":{"start":{"line":85,"column":66},"end":{"line":92,"column":5}},"line":85},"18":{"name":"(anonymous_18)","decl":{"start":{"line":97,"column":2},"end":{"line":97,"column":3}},"loc":{"start":{"line":97,"column":16},"end":{"line":104,"column":3}},"line":97},"19":{"name":"(anonymous_19)","decl":{"start":{"line":106,"column":2},"end":{"line":106,"column":3}},"loc":{"start":{"line":106,"column":15},"end":{"line":131,"column":3}},"line":106},"20":{"name":"(anonymous_20)","decl":{"start":{"line":133,"column":2},"end":{"line":133,"column":3}},"loc":{"start":{"line":133,"column":11},"end":{"line":147,"column":3}},"line":133}},"branchMap":{"0":{"loc":{"start":{"line":54,"column":4},"end":{"line":56,"column":5}},"type":"if","locations":[{"start":{"line":54,"column":4},"end":{"line":56,"column":5}},{"start":{"line":54,"column":4},"end":{"line":56,"column":5}}],"line":54},"1":{"loc":{"start":{"line":86,"column":6},"end":{"line":90,"column":7}},"type":"if","locations":[{"start":{"line":86,"column":6},"end":{"line":90,"column":7}},{"start":{"line":86,"column":6},"end":{"line":90,"column":7}}],"line":86},"2":{"loc":{"start":{"line":114,"column":4},"end":{"line":129,"column":5}},"type":"if","locations":[{"start":{"line":114,"column":4},"end":{"line":129,"column":5}},{"start":{"line":114,"column":4},"end":{"line":129,"column":5}}],"line":114},"3":{"loc":{"start":{"line":114,"column":8},"end":{"line":114,"column":36}},"type":"binary-expr","locations":[{"start":{"line":114,"column":8},"end":{"line":114,"column":26}},{"start":{"line":114,"column":30},"end":{"line":114,"column":36}}],"line":114}},"s":{"0":1,"1":1,"2":0,"3":1,"4":1,"5":1,"6":1,"7":1,"8":0,"9":0,"10":0,"11":0,"12":0,"13":1,"14":0,"15":0,"16":0,"17":1,"18":1,"19":1,"20":1,"21":0,"22":1,"23":1,"24":0,"25":0,"26":0,"27":0,"28":0,"29":0,"30":0,"31":0,"32":0,"33":0,"34":0,"35":0,"36":0,"37":0,"38":0,"39":0,"40":0,"41":1,"42":1,"43":1,"44":1,"45":1,"46":0,"47":1,"48":1},"f":{"0":1,"1":0,"2":1,"3":0,"4":0,"5":0,"6":0,"7":1,"8":0,"9":0,"10":1,"11":0,"12":0,"13":0,"14":0,"15":0,"16":0,"17":0,"18":0,"19":1,"20":1},"b":{"0":[1,0],"1":[0,0],"2":[0,1],"3":[1,0]},"_coverageSchema":"1a1c01bbd47fc00a2c39e90264f33305004495a9","hash":"b54208728d2e64d42a3b64471b8a3e40f3215b07"}
,"/Users/collin/Documents/HackReactor/fec/collin-newman-service/src/components/Pagination.jsx": {"path":"/Users/collin/Documents/HackReactor/fec/collin-newman-service/src/components/Pagination.jsx","statementMap":{"0":{"start":{"line":3,"column":19},"end":{"line":14,"column":1}},"1":{"start":{"line":4,"column":2},"end":{"line":13,"column":8}}},"fnMap":{"0":{"name":"(anonymous_0)","decl":{"start":{"line":3,"column":19},"end":{"line":3,"column":20}},"loc":{"start":{"line":4,"column":2},"end":{"line":13,"column":8}},"line":4}},"branchMap":{},"s":{"0":5,"1":2},"f":{"0":2},"b":{},"_coverageSchema":"1a1c01bbd47fc00a2c39e90264f33305004495a9","hash":"262469a2134dec18d5c0e327fa3f375bb43f1c55"}
,"/Users/collin/Documents/HackReactor/fec/collin-newman-service/src/components/ReviewCard.jsx": {"path":"/Users/collin/Documents/HackReactor/fec/collin-newman-service/src/components/ReviewCard.jsx","statementMap":{"0":{"start":{"line":22,"column":18},"end":{"line":46,"column":3}},"1":{"start":{"line":22,"column":41},"end":{"line":46,"column":1}},"2":{"start":{"line":48,"column":19},"end":{"line":181,"column":1}},"3":{"start":{"line":49,"column":18},"end":{"line":49,"column":29}},"4":{"start":{"line":50,"column":15},"end":{"line":50,"column":59}},"5":{"start":{"line":51,"column":27},"end":{"line":51,"column":77}},"6":{"start":{"line":52,"column":18},"end":{"line":52,"column":24}},"7":{"start":{"line":54,"column":26},"end":{"line":80,"column":3}},"8":{"start":{"line":55,"column":23},"end":{"line":55,"column":29}},"9":{"start":{"line":56,"column":4},"end":{"line":58,"column":5}},"10":{"start":{"line":57,"column":6},"end":{"line":57,"column":18}},"11":{"start":{"line":59,"column":4},"end":{"line":67,"column":5}},"12":{"start":{"line":60,"column":6},"end":{"line":66,"column":8}},"13":{"start":{"line":68,"column":4},"end":{"line":79,"column":6}},"14":{"start":{"line":71,"column":10},"end":{"line":76,"column":12}},"15":{"start":{"line":82,"column":23},"end":{"line":87,"column":3}},"16":{"start":{"line":83,"column":4},"end":{"line":85,"column":5}},"17":{"start":{"line":84,"column":6},"end":{"line":84,"column":31}},"18":{"start":{"line":86,"column":4},"end":{"line":86,"column":51}},"19":{"start":{"line":89,"column":2},"end":{"line":180,"column":4}},"20":{"start":{"line":163,"column":28},"end":{"line":163,"column":51}},"21":{"start":{"line":183,"column":0},"end":{"line":199,"column":2}}},"fnMap":{"0":{"name":"(anonymous_0)","decl":{"start":{"line":22,"column":29},"end":{"line":22,"column":30}},"loc":{"start":{"line":22,"column":41},"end":{"line":46,"column":1}},"line":22},"1":{"name":"(anonymous_1)","decl":{"start":{"line":48,"column":19},"end":{"line":48,"column":20}},"loc":{"start":{"line":48,"column":56},"end":{"line":181,"column":1}},"line":48},"2":{"name":"(anonymous_2)","decl":{"start":{"line":54,"column":26},"end":{"line":54,"column":27}},"loc":{"start":{"line":54,"column":32},"end":{"line":80,"column":3}},"line":54},"3":{"name":"(anonymous_3)","decl":{"start":{"line":70,"column":20},"end":{"line":70,"column":21}},"loc":{"start":{"line":71,"column":10},"end":{"line":76,"column":12}},"line":71},"4":{"name":"(anonymous_4)","decl":{"start":{"line":82,"column":23},"end":{"line":82,"column":24}},"loc":{"start":{"line":82,"column":29},"end":{"line":87,"column":3}},"line":82},"5":{"name":"(anonymous_5)","decl":{"start":{"line":163,"column":19},"end":{"line":163,"column":20}},"loc":{"start":{"line":163,"column":26},"end":{"line":163,"column":53}},"line":163}},"branchMap":{"0":{"loc":{"start":{"line":56,"column":4},"end":{"line":58,"column":5}},"type":"if","locations":[{"start":{"line":56,"column":4},"end":{"line":58,"column":5}},{"start":{"line":56,"column":4},"end":{"line":58,"column":5}}],"line":56},"1":{"loc":{"start":{"line":59,"column":4},"end":{"line":67,"column":5}},"type":"if","locations":[{"start":{"line":59,"column":4},"end":{"line":67,"column":5}},{"start":{"line":59,"column":4},"end":{"line":67,"column":5}}],"line":59},"2":{"loc":{"start":{"line":83,"column":4},"end":{"line":85,"column":5}},"type":"if","locations":[{"start":{"line":83,"column":4},"end":{"line":85,"column":5}},{"start":{"line":83,"column":4},"end":{"line":85,"column":5}}],"line":83}},"s":{"0":5,"1":1,"2":5,"3":4,"4":4,"5":4,"6":4,"7":4,"8":4,"9":4,"10":0,"11":4,"12":0,"13":4,"14":16,"15":4,"16":4,"17":0,"18":4,"19":4,"20":0,"21":5},"f":{"0":1,"1":4,"2":4,"3":16,"4":4,"5":0},"b":{"0":[0,4],"1":[0,4],"2":[0,4]},"_coverageSchema":"1a1c01bbd47fc00a2c39e90264f33305004495a9","hash":"fd8c6f807dfb69f54679f9aea6d591f51a5a1141"}
,"/Users/collin/Documents/HackReactor/fec/collin-newman-service/src/components/ReviewFilters.jsx": {"path":"/Users/collin/Documents/HackReactor/fec/collin-newman-service/src/components/ReviewFilters.jsx","statementMap":{"0":{"start":{"line":7,"column":18},"end":{"line":39,"column":3}},"1":{"start":{"line":7,"column":41},"end":{"line":39,"column":1}},"2":{"start":{"line":41,"column":22},"end":{"line":203,"column":1}},"3":{"start":{"line":42,"column":18},"end":{"line":42,"column":29}},"4":{"start":{"line":43,"column":55},"end":{"line":43,"column":70}},"5":{"start":{"line":44,"column":22},"end":{"line":55,"column":3}},"6":{"start":{"line":45,"column":16},"end":{"line":45,"column":98}},"7":{"start":{"line":45,"column":72},"end":{"line":45,"column":93}},"8":{"start":{"line":46,"column":17},"end":{"line":46,"column":45}},"9":{"start":{"line":46,"column":26},"end":{"line":46,"column":45}},"10":{"start":{"line":47,"column":18},"end":{"line":47,"column":70}},"11":{"start":{"line":47,"column":31},"end":{"line":47,"column":70}},"12":{"start":{"line":48,"column":4},"end":{"line":54,"column":6}},"13":{"start":{"line":57,"column":25},"end":{"line":57,"column":38}},"14":{"start":{"line":59,"column":23},"end":{"line":107,"column":3}},"15":{"start":{"line":60,"column":4},"end":{"line":106,"column":11}},"16":{"start":{"line":109,"column":29},"end":{"line":135,"column":3}},"17":{"start":{"line":110,"column":4},"end":{"line":134,"column":11}},"18":{"start":{"line":137,"column":27},"end":{"line":159,"column":3}},"19":{"start":{"line":138,"column":4},"end":{"line":158,"column":11}},"20":{"start":{"line":161,"column":25},"end":{"line":191,"column":3}},"21":{"start":{"line":162,"column":4},"end":{"line":190,"column":11}},"22":{"start":{"line":193,"column":2},"end":{"line":202,"column":4}},"23":{"start":{"line":205,"column":0},"end":{"line":213,"column":2}},"24":{"start":{"line":215,"column":0},"end":{"line":223,"column":2}}},"fnMap":{"0":{"name":"(anonymous_0)","decl":{"start":{"line":7,"column":29},"end":{"line":7,"column":30}},"loc":{"start":{"line":7,"column":41},"end":{"line":39,"column":1}},"line":7},"1":{"name":"(anonymous_1)","decl":{"start":{"line":41,"column":22},"end":{"line":41,"column":23}},"loc":{"start":{"line":41,"column":47},"end":{"line":203,"column":1}},"line":41},"2":{"name":"(anonymous_2)","decl":{"start":{"line":44,"column":22},"end":{"line":44,"column":23}},"loc":{"start":{"line":44,"column":28},"end":{"line":55,"column":3}},"line":44},"3":{"name":"(anonymous_3)","decl":{"start":{"line":45,"column":54},"end":{"line":45,"column":55}},"loc":{"start":{"line":45,"column":72},"end":{"line":45,"column":93}},"line":45},"4":{"name":"(anonymous_4)","decl":{"start":{"line":46,"column":17},"end":{"line":46,"column":18}},"loc":{"start":{"line":46,"column":26},"end":{"line":46,"column":45}},"line":46},"5":{"name":"(anonymous_5)","decl":{"start":{"line":47,"column":18},"end":{"line":47,"column":19}},"loc":{"start":{"line":47,"column":31},"end":{"line":47,"column":70}},"line":47},"6":{"name":"(anonymous_6)","decl":{"start":{"line":59,"column":23},"end":{"line":59,"column":24}},"loc":{"start":{"line":60,"column":4},"end":{"line":106,"column":11}},"line":60},"7":{"name":"(anonymous_7)","decl":{"start":{"line":109,"column":29},"end":{"line":109,"column":30}},"loc":{"start":{"line":110,"column":4},"end":{"line":134,"column":11}},"line":110},"8":{"name":"(anonymous_8)","decl":{"start":{"line":137,"column":27},"end":{"line":137,"column":28}},"loc":{"start":{"line":138,"column":4},"end":{"line":158,"column":11}},"line":138},"9":{"name":"(anonymous_9)","decl":{"start":{"line":161,"column":25},"end":{"line":161,"column":26}},"loc":{"start":{"line":162,"column":4},"end":{"line":190,"column":11}},"line":162}},"branchMap":{},"s":{"0":4,"1":6,"2":4,"3":8,"4":8,"5":8,"6":8,"7":40,"8":8,"9":40,"10":8,"11":40,"12":8,"13":8,"14":8,"15":8,"16":8,"17":8,"18":8,"19":8,"20":8,"21":8,"22":8,"23":4,"24":4},"f":{"0":6,"1":8,"2":8,"3":40,"4":40,"5":40,"6":8,"7":8,"8":8,"9":8},"b":{},"_coverageSchema":"1a1c01bbd47fc00a2c39e90264f33305004495a9","hash":"1b26e499184f84823476c440dee8359ed44d3f09"}
,"/Users/collin/Documents/HackReactor/fec/collin-newman-service/src/components/ReviewKeywords.jsx": {"path":"/Users/collin/Documents/HackReactor/fec/collin-newman-service/src/components/ReviewKeywords.jsx","statementMap":{"0":{"start":{"line":3,"column":23},"end":{"line":3,"column":50}},"1":{"start":{"line":3,"column":29},"end":{"line":3,"column":50}}},"fnMap":{"0":{"name":"(anonymous_0)","decl":{"start":{"line":3,"column":23},"end":{"line":3,"column":24}},"loc":{"start":{"line":3,"column":29},"end":{"line":3,"column":50}},"line":3}},"branchMap":{},"s":{"0":4,"1":3},"f":{"0":3},"b":{},"_coverageSchema":"1a1c01bbd47fc00a2c39e90264f33305004495a9","hash":"612a250de7a9d1472793a4c37d392a114f4e1026"}
,"/Users/collin/Documents/HackReactor/fec/collin-newman-service/src/components/ReviewList.jsx": {"path":"/Users/collin/Documents/HackReactor/fec/collin-newman-service/src/components/ReviewList.jsx","statementMap":{"0":{"start":{"line":10,"column":22},"end":{"line":25,"column":1}},"1":{"start":{"line":11,"column":2},"end":{"line":24,"column":9}},"2":{"start":{"line":27,"column":19},"end":{"line":56,"column":1}},"3":{"start":{"line":28,"column":19},"end":{"line":28,"column":34}},"4":{"start":{"line":29,"column":19},"end":{"line":29,"column":23}},"5":{"start":{"line":31,"column":2},"end":{"line":48,"column":3}},"6":{"start":{"line":32,"column":4},"end":{"line":44,"column":7}},"7":{"start":{"line":33,"column":22},"end":{"line":33,"column":28}},"8":{"start":{"line":34,"column":6},"end":{"line":43,"column":8}},"9":{"start":{"line":45,"column":4},"end":{"line":47,"column":5}},"10":{"start":{"line":46,"column":6},"end":{"line":46,"column":34}},"11":{"start":{"line":50,"column":2},"end":{"line":55,"column":4}},"12":{"start":{"line":58,"column":0},"end":{"line":75,"column":2}}},"fnMap":{"0":{"name":"(anonymous_0)","decl":{"start":{"line":10,"column":22},"end":{"line":10,"column":23}},"loc":{"start":{"line":11,"column":2},"end":{"line":24,"column":9}},"line":11},"1":{"name":"(anonymous_1)","decl":{"start":{"line":27,"column":19},"end":{"line":27,"column":20}},"loc":{"start":{"line":27,"column":72},"end":{"line":56,"column":1}},"line":27},"2":{"name":"(anonymous_2)","decl":{"start":{"line":32,"column":37},"end":{"line":32,"column":38}},"loc":{"start":{"line":32,"column":49},"end":{"line":44,"column":5}},"line":32}},"branchMap":{"0":{"loc":{"start":{"line":31,"column":2},"end":{"line":48,"column":3}},"type":"if","locations":[{"start":{"line":31,"column":2},"end":{"line":48,"column":3}},{"start":{"line":31,"column":2},"end":{"line":48,"column":3}}],"line":31},"1":{"loc":{"start":{"line":45,"column":4},"end":{"line":47,"column":5}},"type":"if","locations":[{"start":{"line":45,"column":4},"end":{"line":47,"column":5}},{"start":{"line":45,"column":4},"end":{"line":47,"column":5}}],"line":45}},"s":{"0":4,"1":1,"2":4,"3":1,"4":1,"5":1,"6":1,"7":1,"8":1,"9":1,"10":1,"11":1,"12":4},"f":{"0":1,"1":1,"2":1},"b":{"0":[1,0],"1":[1,0]},"_coverageSchema":"1a1c01bbd47fc00a2c39e90264f33305004495a9","hash":"5368cf3a71690bdd3934bb90d23a45fd5ca45157"}
,"/Users/collin/Documents/HackReactor/fec/collin-newman-service/src/components/ReviewListControls.jsx": {"path":"/Users/collin/Documents/HackReactor/fec/collin-newman-service/src/components/ReviewListControls.jsx","statementMap":{"0":{"start":{"line":15,"column":18},"end":{"line":40,"column":3}},"1":{"start":{"line":15,"column":41},"end":{"line":40,"column":1}},"2":{"start":{"line":42,"column":27},"end":{"line":76,"column":1}},"3":{"start":{"line":43,"column":18},"end":{"line":43,"column":29}},"4":{"start":{"line":44,"column":57},"end":{"line":44,"column":62}},"5":{"start":{"line":45,"column":2},"end":{"line":75,"column":4}},"6":{"start":{"line":64,"column":33},"end":{"line":64,"column":46}},"7":{"start":{"line":78,"column":0},"end":{"line":88,"column":2}}},"fnMap":{"0":{"name":"(anonymous_0)","decl":{"start":{"line":15,"column":29},"end":{"line":15,"column":30}},"loc":{"start":{"line":15,"column":41},"end":{"line":40,"column":1}},"line":15},"1":{"name":"(anonymous_1)","decl":{"start":{"line":42,"column":27},"end":{"line":42,"column":28}},"loc":{"start":{"line":42,"column":38},"end":{"line":76,"column":1}},"line":42},"2":{"name":"(anonymous_2)","decl":{"start":{"line":64,"column":27},"end":{"line":64,"column":28}},"loc":{"start":{"line":64,"column":33},"end":{"line":64,"column":46}},"line":64}},"branchMap":{},"s":{"0":3,"1":1,"2":3,"3":3,"4":3,"5":3,"6":0,"7":3},"f":{"0":1,"1":3,"2":0},"b":{},"_coverageSchema":"1a1c01bbd47fc00a2c39e90264f33305004495a9","hash":"761a9a65543bab78237354bbacc30642d4082e8d"}
,"/Users/collin/Documents/HackReactor/fec/collin-newman-service/src/components/SearchBar.jsx": {"path":"/Users/collin/Documents/HackReactor/fec/collin-newman-service/src/components/SearchBar.jsx","statementMap":{"0":{"start":{"line":13,"column":4},"end":{"line":13,"column":17}},"1":{"start":{"line":15,"column":4},"end":{"line":17,"column":6}},"2":{"start":{"line":21,"column":4},"end":{"line":25,"column":5}},"3":{"start":{"line":22,"column":6},"end":{"line":22,"column":39}},"4":{"start":{"line":24,"column":6},"end":{"line":24,"column":40}},"5":{"start":{"line":29,"column":42},"end":{"line":29,"column":52}},"6":{"start":{"line":30,"column":4},"end":{"line":30,"column":46}},"7":{"start":{"line":34,"column":38},"end":{"line":34,"column":48}},"8":{"start":{"line":35,"column":4},"end":{"line":35,"column":54}},"9":{"start":{"line":36,"column":4},"end":{"line":36,"column":38}},"10":{"start":{"line":37,"column":4},"end":{"line":37,"column":28}},"11":{"start":{"line":41,"column":24},"end":{"line":41,"column":34}},"12":{"start":{"line":42,"column":4},"end":{"line":76,"column":6}},"13":{"start":{"line":54,"column":18},"end":{"line":54,"column":46}},"14":{"start":{"line":55,"column":18},"end":{"line":55,"column":51}},"15":{"start":{"line":62,"column":35},"end":{"line":62,"column":52}},"16":{"start":{"line":80,"column":0},"end":{"line":83,"column":2}}},"fnMap":{"0":{"name":"(anonymous_0)","decl":{"start":{"line":12,"column":2},"end":{"line":12,"column":3}},"loc":{"start":{"line":12,"column":21},"end":{"line":18,"column":3}},"line":12},"1":{"name":"(anonymous_1)","decl":{"start":{"line":20,"column":2},"end":{"line":20,"column":3}},"loc":{"start":{"line":20,"column":30},"end":{"line":26,"column":3}},"line":20},"2":{"name":"(anonymous_2)","decl":{"start":{"line":28,"column":2},"end":{"line":28,"column":3}},"loc":{"start":{"line":28,"column":25},"end":{"line":31,"column":3}},"line":28},"3":{"name":"(anonymous_3)","decl":{"start":{"line":33,"column":2},"end":{"line":33,"column":3}},"loc":{"start":{"line":33,"column":15},"end":{"line":38,"column":3}},"line":33},"4":{"name":"(anonymous_4)","decl":{"start":{"line":40,"column":2},"end":{"line":40,"column":3}},"loc":{"start":{"line":40,"column":11},"end":{"line":77,"column":3}},"line":40},"5":{"name":"(anonymous_5)","decl":{"start":{"line":53,"column":26},"end":{"line":53,"column":27}},"loc":{"start":{"line":53,"column":33},"end":{"line":56,"column":17}},"line":53},"6":{"name":"(anonymous_6)","decl":{"start":{"line":62,"column":29},"end":{"line":62,"column":30}},"loc":{"start":{"line":62,"column":35},"end":{"line":62,"column":52}},"line":62}},"branchMap":{"0":{"loc":{"start":{"line":21,"column":4},"end":{"line":25,"column":5}},"type":"if","locations":[{"start":{"line":21,"column":4},"end":{"line":25,"column":5}},{"start":{"line":21,"column":4},"end":{"line":25,"column":5}}],"line":21}},"s":{"0":1,"1":1,"2":0,"3":0,"4":0,"5":0,"6":0,"7":0,"8":0,"9":0,"10":0,"11":1,"12":1,"13":0,"14":0,"15":0,"16":3},"f":{"0":1,"1":0,"2":0,"3":0,"4":1,"5":0,"6":0},"b":{"0":[0,0]},"_coverageSchema":"1a1c01bbd47fc00a2c39e90264f33305004495a9","hash":"fa3439af2e53894a6779c1a38951f40e875d6a27"}
}
