TN:
SF:src/index.jsx
FNF:0
FNH:0
DA:8,0
LF:1
LH:0
BRF:0
BRH:0
end_of_record
TN:
SF:src/components/App.jsx
FN:10,(anonymous_0)
FN:17,(anonymous_1)
FN:26,(anonymous_2)
FN:30,(anonymous_3)
FN:31,(anonymous_4)
FN:34,(anonymous_5)
FN:36,(anonymous_6)
FN:39,(anonymous_7)
FN:42,(anonymous_8)
FN:46,(anonymous_9)
FN:49,(anonymous_10)
FN:53,(anonymous_11)
FN:60,(anonymous_12)
FN:63,(anonymous_13)
FN:66,(anonymous_14)
FN:69,(anonymous_15)
FN:73,(anonymous_16)
FN:85,(anonymous_17)
FN:97,(anonymous_18)
FN:106,(anonymous_19)
FN:133,(anonymous_20)
FNF:21
FNH:6
FNDA:1,(anonymous_0)
FNDA:0,(anonymous_1)
FNDA:1,(anonymous_2)
FNDA:0,(anonymous_3)
FNDA:0,(anonymous_4)
FNDA:0,(anonymous_5)
FNDA:0,(anonymous_6)
FNDA:1,(anonymous_7)
FNDA:0,(anonymous_8)
FNDA:0,(anonymous_9)
FNDA:1,(anonymous_10)
FNDA:0,(anonymous_11)
FNDA:0,(anonymous_12)
FNDA:0,(anonymous_13)
FNDA:0,(anonymous_14)
FNDA:0,(anonymous_15)
FNDA:0,(anonymous_16)
FNDA:0,(anonymous_17)
FNDA:0,(anonymous_18)
FNDA:1,(anonymous_19)
FNDA:1,(anonymous_20)
DA:11,1
DA:12,1
DA:17,0
DA:20,1
DA:21,1
DA:22,1
DA:23,1
DA:27,1
DA:31,0
DA:35,0
DA:36,0
DA:41,1
DA:43,0
DA:44,0
DA:46,0
DA:50,1
DA:51,1
DA:52,1
DA:53,1
DA:54,1
DA:55,1
DA:57,0
DA:61,0
DA:62,0
DA:64,0
DA:66,0
DA:70,0
DA:73,0
DA:74,0
DA:77,0
DA:85,0
DA:86,0
DA:87,0
DA:89,0
DA:91,0
DA:93,0
DA:94,0
DA:103,0
DA:109,1
DA:111,1
DA:112,1
DA:113,1
DA:114,1
DA:115,0
DA:130,1
DA:134,1
LF:46
LH:21
BRDA:54,0,0,1
BRDA:54,0,1,0
BRDA:86,1,0,0
BRDA:86,1,1,0
BRDA:114,2,0,0
BRDA:114,2,1,1
BRDA:114,3,0,1
BRDA:114,3,1,0
BRF:8
BRH:3
end_of_record
TN:
SF:src/components/Pagination.jsx
FN:3,(anonymous_0)
FNF:1
FNH:1
FNDA:2,(anonymous_0)
DA:3,5
DA:4,2
LF:2
LH:2
BRF:0
BRH:0
end_of_record
TN:
SF:src/components/ReviewCard.jsx
FN:22,(anonymous_0)
FN:48,(anonymous_1)
FN:54,(anonymous_2)
FN:70,(anonymous_3)
FN:82,(anonymous_4)
FN:163,(anonymous_5)
FNF:6
FNH:5
FNDA:1,(anonymous_0)
FNDA:4,(anonymous_1)
FNDA:4,(anonymous_2)
FNDA:16,(anonymous_3)
FNDA:4,(anonymous_4)
FNDA:0,(anonymous_5)
DA:22,5
DA:48,5
DA:49,4
DA:50,4
DA:51,4
DA:52,4
DA:54,4
DA:55,4
DA:56,4
DA:57,0
DA:59,4
DA:60,0
DA:68,4
DA:71,16
DA:82,4
DA:83,4
DA:84,0
DA:86,4
DA:89,4
DA:163,0
DA:183,5
LF:21
LH:17
BRDA:56,0,0,0
BRDA:56,0,1,4
BRDA:59,1,0,0
BRDA:59,1,1,4
BRDA:83,2,0,0
BRDA:83,2,1,4
BRF:6
BRH:3
end_of_record
TN:
SF:src/components/ReviewFilters.jsx
FN:7,(anonymous_0)
FN:41,(anonymous_1)
FN:44,(anonymous_2)
FN:45,(anonymous_3)
FN:46,(anonymous_4)
FN:47,(anonymous_5)
FN:59,(anonymous_6)
FN:109,(anonymous_7)
FN:137,(anonymous_8)
FN:161,(anonymous_9)
FNF:10
FNH:10
FNDA:6,(anonymous_0)
FNDA:8,(anonymous_1)
FNDA:8,(anonymous_2)
FNDA:40,(anonymous_3)
FNDA:40,(anonymous_4)
FNDA:40,(anonymous_5)
FNDA:8,(anonymous_6)
FNDA:8,(anonymous_7)
FNDA:8,(anonymous_8)
FNDA:8,(anonymous_9)
DA:7,6
DA:41,4
DA:42,8
DA:43,8
DA:44,8
DA:45,40
DA:46,40
DA:47,40
DA:48,8
DA:57,8
DA:59,8
DA:60,8
DA:109,8
DA:110,8
DA:137,8
DA:138,8
DA:161,8
DA:162,8
DA:193,8
DA:205,4
DA:215,4
LF:21
LH:21
BRF:0
BRH:0
end_of_record
TN:
SF:src/components/ReviewKeywords.jsx
FN:3,(anonymous_0)
FNF:1
FNH:1
FNDA:3,(anonymous_0)
DA:3,4
LF:1
LH:1
BRF:0
BRH:0
end_of_record
TN:
SF:src/components/ReviewList.jsx
FN:10,(anonymous_0)
FN:27,(anonymous_1)
FN:32,(anonymous_2)
FNF:3
FNH:3
FNDA:1,(anonymous_0)
FNDA:1,(anonymous_1)
FNDA:1,(anonymous_2)
DA:10,4
DA:11,1
DA:27,4
DA:28,1
DA:29,1
DA:31,1
DA:32,1
DA:33,1
DA:34,1
DA:45,1
DA:46,1
DA:50,1
DA:58,4
LF:13
LH:13
BRDA:31,0,0,1
BRDA:31,0,1,0
BRDA:45,1,0,1
BRDA:45,1,1,0
BRF:4
BRH:2
end_of_record
TN:
SF:src/components/ReviewListControls.jsx
FN:15,(anonymous_0)
FN:42,(anonymous_1)
FN:64,(anonymous_2)
FNF:3
FNH:2
FNDA:1,(anonymous_0)
FNDA:3,(anonymous_1)
FNDA:0,(anonymous_2)
DA:15,3
DA:42,3
DA:43,3
DA:44,3
DA:45,3
DA:64,0
DA:78,3
LF:7
LH:6
BRF:0
BRH:0
end_of_record
TN:
SF:src/components/SearchBar.jsx
FN:12,(anonymous_0)
FN:20,(anonymous_1)
FN:28,(anonymous_2)
FN:33,(anonymous_3)
FN:40,(anonymous_4)
FN:53,(anonymous_5)
FN:62,(anonymous_6)
FNF:7
FNH:2
FNDA:1,(anonymous_0)
FNDA:0,(anonymous_1)
FNDA:0,(anonymous_2)
FNDA:0,(anonymous_3)
FNDA:1,(anonymous_4)
FNDA:0,(anonymous_5)
FNDA:0,(anonymous_6)
DA:13,1
DA:15,1
DA:21,0
DA:22,0
DA:24,0
DA:29,0
DA:30,0
DA:34,0
DA:35,0
DA:36,0
DA:37,0
DA:41,1
DA:42,1
DA:54,0
DA:55,0
DA:62,0
DA:80,3
LF:17
LH:5
BRDA:21,0,0,0
BRDA:21,0,1,0
BRF:2
BRH:0
end_of_record
