TN:
SF:src/index.jsx
FNF:0
FNH:0
DA:8,0
LF:1
LH:0
BRF:0
BRH:0
end_of_record
TN:
SF:src/components/App.jsx
FN:10,(anonymous_0)
FN:17,(anonymous_1)
FN:26,(anonymous_2)
FN:30,(anonymous_3)
FN:31,(anonymous_4)
FN:34,(anonymous_5)
FN:35,(anonymous_6)
FN:38,(anonymous_7)
FN:41,(anonymous_8)
FN:45,(anonymous_9)
FN:48,(anonymous_10)
FN:52,(anonymous_11)
FN:59,(anonymous_12)
FN:62,(anonymous_13)
FN:65,(anonymous_14)
FN:68,(anonymous_15)
FN:72,(anonymous_16)
FN:84,(anonymous_17)
FN:96,(anonymous_18)
FN:100,(anonymous_19)
FN:130,(anonymous_20)
FNF:21
FNH:16
FNDA:5,(anonymous_0)
FNDA:400,(anonymous_1)
FNDA:5,(anonymous_2)
FNDA:1,(anonymous_3)
FNDA:1,(anonymous_4)
FNDA:1,(anonymous_5)
FNDA:107,(anonymous_6)
FNDA:5,(anonymous_7)
FNDA:0,(anonymous_8)
FNDA:0,(anonymous_9)
FNDA:14,(anonymous_10)
FNDA:700,(anonymous_11)
FNDA:0,(anonymous_12)
FNDA:0,(anonymous_13)
FNDA:0,(anonymous_14)
FNDA:1,(anonymous_15)
FNDA:100,(anonymous_16)
FNDA:100,(anonymous_17)
FNDA:1,(anonymous_18)
FNDA:13,(anonymous_19)
FNDA:13,(anonymous_20)
DA:11,5
DA:12,5
DA:17,400
DA:20,5
DA:21,5
DA:22,5
DA:23,5
DA:27,5
DA:31,1
DA:35,107
DA:40,5
DA:42,0
DA:43,0
DA:45,0
DA:49,14
DA:50,14
DA:51,14
DA:52,700
DA:53,14
DA:54,14
DA:56,0
DA:60,0
DA:61,0
DA:63,0
DA:65,0
DA:69,1
DA:72,1
DA:73,100
DA:76,1
DA:84,1
DA:85,100
DA:86,5
DA:88,95
DA:90,100
DA:92,1
DA:93,1
DA:97,1
DA:103,13
DA:105,13
DA:106,13
DA:107,13
DA:108,1
DA:127,12
DA:131,13
LF:44
LH:36
BRDA:53,0,0,14
BRDA:53,0,1,0
BRDA:85,1,0,5
BRDA:85,1,1,95
BRDA:107,2,0,1
BRDA:107,2,1,12
BRDA:107,3,0,13
BRDA:107,3,1,6
BRF:8
BRH:7
end_of_record
TN:
SF:src/components/Pagination.jsx
FN:3,(anonymous_0)
FNF:1
FNH:1
FNDA:2,(anonymous_0)
DA:3,5
DA:4,2
LF:2
LH:2
BRF:0
BRH:0
end_of_record
TN:
SF:src/components/ReviewCard.jsx
FN:22,(anonymous_0)
FN:48,(anonymous_1)
FN:54,(anonymous_2)
FN:70,(anonymous_3)
FN:82,(anonymous_4)
FN:163,(anonymous_5)
FNF:6
FNH:5
FNDA:1,(anonymous_0)
FNDA:4,(anonymous_1)
FNDA:4,(anonymous_2)
FNDA:16,(anonymous_3)
FNDA:4,(anonymous_4)
FNDA:0,(anonymous_5)
DA:22,5
DA:48,5
DA:49,4
DA:50,4
DA:51,4
DA:52,4
DA:54,4
DA:55,4
DA:56,4
DA:57,0
DA:59,4
DA:60,0
DA:68,4
DA:71,16
DA:82,4
DA:83,4
DA:84,0
DA:86,4
DA:89,4
DA:163,0
DA:183,5
LF:21
LH:17
BRDA:56,0,0,0
BRDA:56,0,1,4
BRDA:59,1,0,0
BRDA:59,1,1,4
BRDA:83,2,0,0
BRDA:83,2,1,4
BRF:6
BRH:3
end_of_record
TN:
SF:src/components/ReviewFilters.jsx
FN:7,(anonymous_0)
FN:41,(anonymous_1)
FN:60,(anonymous_2)
FN:110,(anonymous_3)
FN:138,(anonymous_4)
FN:162,(anonymous_5)
FNF:6
FNH:6
FNDA:6,(anonymous_0)
FNDA:8,(anonymous_1)
FNDA:8,(anonymous_2)
FNDA:8,(anonymous_3)
FNDA:8,(anonymous_4)
FNDA:8,(anonymous_5)
DA:7,6
DA:41,4
DA:42,8
DA:60,8
DA:61,8
DA:110,8
DA:111,8
DA:138,8
DA:139,8
DA:162,8
DA:163,8
DA:194,8
DA:206,4
DA:216,4
LF:14
LH:14
BRF:0
BRH:0
end_of_record
TN:
SF:src/components/ReviewKeywords.jsx
FN:3,(anonymous_0)
FNF:1
FNH:1
FNDA:3,(anonymous_0)
DA:3,4
LF:1
LH:1
BRF:0
BRH:0
end_of_record
TN:
SF:src/components/ReviewList.jsx
FN:10,(anonymous_0)
FN:27,(anonymous_1)
FN:32,(anonymous_2)
FNF:3
FNH:3
FNDA:1,(anonymous_0)
FNDA:1,(anonymous_1)
FNDA:1,(anonymous_2)
DA:10,4
DA:11,1
DA:27,4
DA:28,1
DA:29,1
DA:31,1
DA:32,1
DA:33,1
DA:34,1
DA:45,1
DA:46,1
DA:50,1
DA:58,4
LF:13
LH:13
BRDA:31,0,0,1
BRDA:31,0,1,0
BRDA:45,1,0,1
BRDA:45,1,1,0
BRF:4
BRH:2
end_of_record
TN:
SF:src/components/ReviewListControls.jsx
FN:15,(anonymous_0)
FN:42,(anonymous_1)
FN:64,(anonymous_2)
FNF:3
FNH:2
FNDA:1,(anonymous_0)
FNDA:4,(anonymous_1)
FNDA:0,(anonymous_2)
DA:15,3
DA:42,3
DA:43,4
DA:44,3
DA:45,3
DA:64,0
DA:78,3
LF:7
LH:6
BRF:0
BRH:0
end_of_record
TN:
SF:src/components/SearchBar.jsx
FN:12,(anonymous_0)
FN:20,(anonymous_1)
FN:28,(anonymous_2)
FN:33,(anonymous_3)
FN:40,(anonymous_4)
FN:53,(anonymous_5)
FN:62,(anonymous_6)
FNF:7
FNH:2
FNDA:1,(anonymous_0)
FNDA:0,(anonymous_1)
FNDA:0,(anonymous_2)
FNDA:0,(anonymous_3)
FNDA:1,(anonymous_4)
FNDA:0,(anonymous_5)
FNDA:0,(anonymous_6)
DA:13,1
DA:15,1
DA:21,0
DA:22,0
DA:24,0
DA:29,0
DA:30,0
DA:34,0
DA:35,0
DA:36,0
DA:37,0
DA:41,1
DA:42,1
DA:54,0
DA:55,0
DA:62,0
DA:80,3
LF:17
LH:5
BRDA:21,0,0,0
BRDA:21,0,1,0
BRF:2
BRH:0
end_of_record
